{"/Users/rj/Documents/Hack-Reactor/hrsf92-sdc-apateez10k/gallery-Raymond/database/generateData.js": {"path":"/Users/rj/Documents/Hack-Reactor/hrsf92-sdc-apateez10k/gallery-Raymond/database/generateData.js","statementMap":{"0":{"start":{"line":1,"column":11},"end":{"line":1,"column":24}},"1":{"start":{"line":2,"column":14},"end":{"line":2,"column":30}},"2":{"start":{"line":42,"column":14},"end":{"line":101,"column":1}},"3":{"start":{"line":43,"column":2},"end":{"line":100,"column":5}},"4":{"start":{"line":53,"column":4},"end":{"line":57,"column":5}},"5":{"start":{"line":54,"column":6},"end":{"line":54,"column":511}},"6":{"start":{"line":56,"column":6},"end":{"line":56,"column":491}},"7":{"start":{"line":60,"column":4},"end":{"line":64,"column":5}},"8":{"start":{"line":61,"column":6},"end":{"line":61,"column":23}},"9":{"start":{"line":62,"column":11},"end":{"line":64,"column":5}},"10":{"start":{"line":63,"column":6},"end":{"line":63,"column":22}},"11":{"start":{"line":66,"column":20},"end":{"line":68,"column":5}},"12":{"start":{"line":69,"column":24},"end":{"line":69,"column":63}},"13":{"start":{"line":70,"column":4},"end":{"line":70,"column":38}},"14":{"start":{"line":72,"column":12},"end":{"line":72,"column":13}},"15":{"start":{"line":73,"column":13},"end":{"line":73,"column":17}},"16":{"start":{"line":74,"column":4},"end":{"line":90,"column":5}},"17":{"start":{"line":75,"column":6},"end":{"line":88,"column":7}},"18":{"start":{"line":76,"column":8},"end":{"line":80,"column":9}},"19":{"start":{"line":77,"column":10},"end":{"line":77,"column":107}},"20":{"start":{"line":79,"column":10},"end":{"line":79,"column":112}},"21":{"start":{"line":81,"column":13},"end":{"line":88,"column":7}},"22":{"start":{"line":83,"column":8},"end":{"line":83,"column":106}},"23":{"start":{"line":84,"column":13},"end":{"line":88,"column":7}},"24":{"start":{"line":85,"column":8},"end":{"line":85,"column":103}},"25":{"start":{"line":87,"column":8},"end":{"line":87,"column":110}},"26":{"start":{"line":89,"column":6},"end":{"line":89,"column":13}},"27":{"start":{"line":92,"column":4},"end":{"line":98,"column":5}},"28":{"start":{"line":93,"column":6},"end":{"line":93,"column":39}},"29":{"start":{"line":94,"column":11},"end":{"line":98,"column":5}},"30":{"start":{"line":96,"column":6},"end":{"line":96,"column":24}},"31":{"start":{"line":99,"column":4},"end":{"line":99,"column":38}},"32":{"start":{"line":104,"column":0},"end":{"line":104,"column":29}}},"fnMap":{"0":{"name":"(anonymous_0)","decl":{"start":{"line":42,"column":14},"end":{"line":42,"column":15}},"loc":{"start":{"line":42,"column":45},"end":{"line":101,"column":1}},"line":42},"1":{"name":"(anonymous_1)","decl":{"start":{"line":43,"column":21},"end":{"line":43,"column":22}},"loc":{"start":{"line":43,"column":42},"end":{"line":100,"column":3}},"line":43}},"branchMap":{"0":{"loc":{"start":{"line":53,"column":4},"end":{"line":57,"column":5}},"type":"if","locations":[{"start":{"line":53,"column":4},"end":{"line":57,"column":5}},{"start":{"line":53,"column":4},"end":{"line":57,"column":5}}],"line":53},"1":{"loc":{"start":{"line":60,"column":4},"end":{"line":64,"column":5}},"type":"if","locations":[{"start":{"line":60,"column":4},"end":{"line":64,"column":5}},{"start":{"line":60,"column":4},"end":{"line":64,"column":5}}],"line":60},"2":{"loc":{"start":{"line":62,"column":11},"end":{"line":64,"column":5}},"type":"if","locations":[{"start":{"line":62,"column":11},"end":{"line":64,"column":5}},{"start":{"line":62,"column":11},"end":{"line":64,"column":5}}],"line":62},"3":{"loc":{"start":{"line":74,"column":11},"end":{"line":74,"column":32}},"type":"binary-expr","locations":[{"start":{"line":74,"column":11},"end":{"line":74,"column":26}},{"start":{"line":74,"column":30},"end":{"line":74,"column":32}}],"line":74},"4":{"loc":{"start":{"line":75,"column":6},"end":{"line":88,"column":7}},"type":"if","locations":[{"start":{"line":75,"column":6},"end":{"line":88,"column":7}},{"start":{"line":75,"column":6},"end":{"line":88,"column":7}}],"line":75},"5":{"loc":{"start":{"line":76,"column":8},"end":{"line":80,"column":9}},"type":"if","locations":[{"start":{"line":76,"column":8},"end":{"line":80,"column":9}},{"start":{"line":76,"column":8},"end":{"line":80,"column":9}}],"line":76},"6":{"loc":{"start":{"line":81,"column":13},"end":{"line":88,"column":7}},"type":"if","locations":[{"start":{"line":81,"column":13},"end":{"line":88,"column":7}},{"start":{"line":81,"column":13},"end":{"line":88,"column":7}}],"line":81},"7":{"loc":{"start":{"line":84,"column":13},"end":{"line":88,"column":7}},"type":"if","locations":[{"start":{"line":84,"column":13},"end":{"line":88,"column":7}},{"start":{"line":84,"column":13},"end":{"line":88,"column":7}}],"line":84},"8":{"loc":{"start":{"line":92,"column":4},"end":{"line":98,"column":5}},"type":"if","locations":[{"start":{"line":92,"column":4},"end":{"line":98,"column":5}},{"start":{"line":92,"column":4},"end":{"line":98,"column":5}}],"line":92},"9":{"loc":{"start":{"line":94,"column":11},"end":{"line":98,"column":5}},"type":"if","locations":[{"start":{"line":94,"column":11},"end":{"line":98,"column":5}},{"start":{"line":94,"column":11},"end":{"line":98,"column":5}}],"line":94}},"s":{"0":1,"1":1,"2":1,"3":3,"4":3,"5":1,"6":2,"7":3,"8":1,"9":2,"10":1,"11":3,"12":3,"13":3,"14":3,"15":3,"16":3,"17":30,"18":20,"19":2,"20":18,"21":10,"22":1,"23":9,"24":1,"25":8,"26":30,"27":3,"28":0,"29":3,"30":3,"31":3,"32":1},"f":{"0":3,"1":3},"b":{"0":[1,2],"1":[1,2],"2":[1,1],"3":[33,30],"4":[20,10],"5":[2,18],"6":[1,9],"7":[1,8],"8":[0,3],"9":[3,0]},"_coverageSchema":"332fd63041d2c1bcb487cc26dd0d5f7d97098a6c","hash":"ae00ebe6dd0fe411848d1785738247cb27d96b07"}
}
