{"/Users/rj/Documents/Hack-Reactor/hrsf92-sdc-apateez10k/gallery-Raymond/database/generateData.js": {"path":"/Users/rj/Documents/Hack-Reactor/hrsf92-sdc-apateez10k/gallery-Raymond/database/generateData.js","statementMap":{"0":{"start":{"line":1,"column":11},"end":{"line":1,"column":24}},"1":{"start":{"line":2,"column":14},"end":{"line":2,"column":30}},"2":{"start":{"line":6,"column":8},"end":{"line":6,"column":9}},"3":{"start":{"line":11,"column":14},"end":{"line":63,"column":1}},"4":{"start":{"line":12,"column":4},"end":{"line":12,"column":28}},"5":{"start":{"line":13,"column":4},"end":{"line":13,"column":34}},"6":{"start":{"line":14,"column":4},"end":{"line":14,"column":35}},"7":{"start":{"line":15,"column":4},"end":{"line":17,"column":6}},"8":{"start":{"line":16,"column":6},"end":{"line":16,"column":27}},"9":{"start":{"line":19,"column":17},"end":{"line":19,"column":39}},"10":{"start":{"line":20,"column":16},"end":{"line":20,"column":37}},"11":{"start":{"line":21,"column":16},"end":{"line":21,"column":37}},"12":{"start":{"line":22,"column":4},"end":{"line":26,"column":5}},"13":{"start":{"line":23,"column":6},"end":{"line":23,"column":511}},"14":{"start":{"line":25,"column":6},"end":{"line":25,"column":491}},"15":{"start":{"line":29,"column":4},"end":{"line":33,"column":5}},"16":{"start":{"line":30,"column":6},"end":{"line":30,"column":23}},"17":{"start":{"line":31,"column":11},"end":{"line":33,"column":5}},"18":{"start":{"line":32,"column":6},"end":{"line":32,"column":22}},"19":{"start":{"line":35,"column":4},"end":{"line":35,"column":33}},"20":{"start":{"line":37,"column":13},"end":{"line":37,"column":17}},"21":{"start":{"line":38,"column":4},"end":{"line":54,"column":5}},"22":{"start":{"line":39,"column":6},"end":{"line":52,"column":7}},"23":{"start":{"line":40,"column":8},"end":{"line":44,"column":9}},"24":{"start":{"line":41,"column":10},"end":{"line":41,"column":102}},"25":{"start":{"line":43,"column":10},"end":{"line":43,"column":107}},"26":{"start":{"line":45,"column":13},"end":{"line":52,"column":7}},"27":{"start":{"line":47,"column":8},"end":{"line":47,"column":107}},"28":{"start":{"line":48,"column":13},"end":{"line":52,"column":7}},"29":{"start":{"line":49,"column":8},"end":{"line":49,"column":104}},"30":{"start":{"line":51,"column":8},"end":{"line":51,"column":111}},"31":{"start":{"line":53,"column":6},"end":{"line":53,"column":13}},"32":{"start":{"line":56,"column":4},"end":{"line":62,"column":5}},"33":{"start":{"line":57,"column":6},"end":{"line":57,"column":34}},"34":{"start":{"line":59,"column":9},"end":{"line":62,"column":5}},"35":{"start":{"line":60,"column":6},"end":{"line":60,"column":12}},"36":{"start":{"line":61,"column":6},"end":{"line":61,"column":19}},"37":{"start":{"line":65,"column":0},"end":{"line":65,"column":29}}},"fnMap":{"0":{"name":"(anonymous_0)","decl":{"start":{"line":11,"column":14},"end":{"line":11,"column":15}},"loc":{"start":{"line":11,"column":68},"end":{"line":63,"column":1}},"line":11},"1":{"name":"(anonymous_1)","decl":{"start":{"line":15,"column":27},"end":{"line":15,"column":28}},"loc":{"start":{"line":15,"column":38},"end":{"line":17,"column":5}},"line":15}},"branchMap":{"0":{"loc":{"start":{"line":12,"column":11},"end":{"line":12,"column":27}},"type":"binary-expr","locations":[{"start":{"line":12,"column":11},"end":{"line":12,"column":19}},{"start":{"line":12,"column":23},"end":{"line":12,"column":27}}],"line":12},"1":{"loc":{"start":{"line":13,"column":13},"end":{"line":13,"column":33}},"type":"binary-expr","locations":[{"start":{"line":13,"column":13},"end":{"line":13,"column":23}},{"start":{"line":13,"column":27},"end":{"line":13,"column":33}}],"line":13},"2":{"loc":{"start":{"line":14,"column":13},"end":{"line":14,"column":34}},"type":"binary-expr","locations":[{"start":{"line":14,"column":13},"end":{"line":14,"column":24}},{"start":{"line":14,"column":28},"end":{"line":14,"column":34}}],"line":14},"3":{"loc":{"start":{"line":15,"column":15},"end":{"line":17,"column":5}},"type":"binary-expr","locations":[{"start":{"line":15,"column":15},"end":{"line":15,"column":23}},{"start":{"line":15,"column":27},"end":{"line":17,"column":5}}],"line":15},"4":{"loc":{"start":{"line":22,"column":4},"end":{"line":26,"column":5}},"type":"if","locations":[{"start":{"line":22,"column":4},"end":{"line":26,"column":5}},{"start":{"line":22,"column":4},"end":{"line":26,"column":5}}],"line":22},"5":{"loc":{"start":{"line":29,"column":4},"end":{"line":33,"column":5}},"type":"if","locations":[{"start":{"line":29,"column":4},"end":{"line":33,"column":5}},{"start":{"line":29,"column":4},"end":{"line":33,"column":5}}],"line":29},"6":{"loc":{"start":{"line":31,"column":11},"end":{"line":33,"column":5}},"type":"if","locations":[{"start":{"line":31,"column":11},"end":{"line":33,"column":5}},{"start":{"line":31,"column":11},"end":{"line":33,"column":5}}],"line":31},"7":{"loc":{"start":{"line":38,"column":11},"end":{"line":38,"column":28}},"type":"binary-expr","locations":[{"start":{"line":38,"column":11},"end":{"line":38,"column":22}},{"start":{"line":38,"column":26},"end":{"line":38,"column":28}}],"line":38},"8":{"loc":{"start":{"line":39,"column":6},"end":{"line":52,"column":7}},"type":"if","locations":[{"start":{"line":39,"column":6},"end":{"line":52,"column":7}},{"start":{"line":39,"column":6},"end":{"line":52,"column":7}}],"line":39},"9":{"loc":{"start":{"line":40,"column":8},"end":{"line":44,"column":9}},"type":"if","locations":[{"start":{"line":40,"column":8},"end":{"line":44,"column":9}},{"start":{"line":40,"column":8},"end":{"line":44,"column":9}}],"line":40},"10":{"loc":{"start":{"line":45,"column":13},"end":{"line":52,"column":7}},"type":"if","locations":[{"start":{"line":45,"column":13},"end":{"line":52,"column":7}},{"start":{"line":45,"column":13},"end":{"line":52,"column":7}}],"line":45},"11":{"loc":{"start":{"line":48,"column":13},"end":{"line":52,"column":7}},"type":"if","locations":[{"start":{"line":48,"column":13},"end":{"line":52,"column":7}},{"start":{"line":48,"column":13},"end":{"line":52,"column":7}}],"line":48},"12":{"loc":{"start":{"line":56,"column":4},"end":{"line":62,"column":5}},"type":"if","locations":[{"start":{"line":56,"column":4},"end":{"line":62,"column":5}},{"start":{"line":56,"column":4},"end":{"line":62,"column":5}}],"line":56},"13":{"loc":{"start":{"line":59,"column":9},"end":{"line":62,"column":5}},"type":"if","locations":[{"start":{"line":59,"column":9},"end":{"line":62,"column":5}},{"start":{"line":59,"column":9},"end":{"line":62,"column":5}}],"line":59}},"s":{"0":1,"1":1,"2":1,"3":1,"4":6,"5":6,"6":6,"7":6,"8":3,"9":6,"10":6,"11":6,"12":6,"13":2,"14":4,"15":6,"16":2,"17":4,"18":2,"19":6,"20":6,"21":6,"22":150,"23":100,"24":2,"25":98,"26":50,"27":1,"28":49,"29":1,"30":48,"31":150,"32":6,"33":3,"34":3,"35":3,"36":3,"37":1},"f":{"0":6,"1":3},"b":{"0":[6,3],"1":[6,3],"2":[6,3],"3":[6,3],"4":[2,4],"5":[2,4],"6":[2,2],"7":[156,153],"8":[100,50],"9":[2,98],"10":[1,49],"11":[1,48],"12":[3,3],"13":[3,0]},"_coverageSchema":"332fd63041d2c1bcb487cc26dd0d5f7d97098a6c","hash":"c5483ce567c9226eb13c39edd58ec84c90bcd827"}
}
