TN:
SF:/Users/rj/Documents/Hack-Reactor/hrsf92-sdc-apateez10k/gallery-Raymond/database/generateData.js
FN:42,(anonymous_0)
FN:43,(anonymous_1)
FNF:2
FNH:2
FNDA:3,(anonymous_0)
FNDA:3,(anonymous_1)
DA:1,1
DA:2,1
DA:42,1
DA:43,3
DA:53,3
DA:54,1
DA:56,2
DA:60,3
DA:61,1
DA:62,2
DA:63,1
DA:66,3
DA:69,3
DA:70,3
DA:72,3
DA:73,3
DA:74,3
DA:75,30
DA:76,20
DA:77,2
DA:79,18
DA:81,10
DA:83,1
DA:84,9
DA:85,1
DA:87,8
DA:89,30
DA:92,3
DA:93,0
DA:94,3
DA:96,3
DA:99,3
DA:104,1
LF:33
LH:32
BRDA:53,0,0,1
BRDA:53,0,1,2
BRDA:60,1,0,1
BRDA:60,1,1,2
BRDA:62,2,0,1
BRDA:62,2,1,1
BRDA:74,3,0,33
BRDA:74,3,1,30
BRDA:75,4,0,20
BRDA:75,4,1,10
BRDA:76,5,0,2
BRDA:76,5,1,18
BRDA:81,6,0,1
BRDA:81,6,1,9
BRDA:84,7,0,1
BRDA:84,7,1,8
BRDA:92,8,0,0
BRDA:92,8,1,3
BRDA:94,9,0,3
BRDA:94,9,1,0
BRF:20
BRH:18
end_of_record
