TN:
SF:/Users/rj/Documents/Hack-Reactor/hrsf92-sdc-apateez10k/gallery-Raymond/database/generateData.js
FN:11,(anonymous_0)
FN:15,(anonymous_1)
FNF:2
FNH:2
FNDA:6,(anonymous_0)
FNDA:3,(anonymous_1)
DA:1,1
DA:2,1
DA:6,1
DA:11,1
DA:12,6
DA:13,6
DA:14,6
DA:15,6
DA:16,3
DA:19,6
DA:20,6
DA:21,6
DA:22,6
DA:23,2
DA:25,4
DA:29,6
DA:30,2
DA:31,4
DA:32,2
DA:35,6
DA:37,6
DA:38,6
DA:39,150
DA:40,100
DA:41,2
DA:43,98
DA:45,50
DA:47,1
DA:48,49
DA:49,1
DA:51,48
DA:53,150
DA:56,6
DA:57,3
DA:59,3
DA:60,3
DA:61,3
DA:65,1
LF:38
LH:38
BRDA:12,0,0,6
BRDA:12,0,1,3
BRDA:13,1,0,6
BRDA:13,1,1,3
BRDA:14,2,0,6
BRDA:14,2,1,3
BRDA:15,3,0,6
BRDA:15,3,1,3
BRDA:22,4,0,2
BRDA:22,4,1,4
BRDA:29,5,0,2
BRDA:29,5,1,4
BRDA:31,6,0,2
BRDA:31,6,1,2
BRDA:38,7,0,156
BRDA:38,7,1,153
BRDA:39,8,0,100
BRDA:39,8,1,50
BRDA:40,9,0,2
BRDA:40,9,1,98
BRDA:45,10,0,1
BRDA:45,10,1,49
BRDA:48,11,0,1
BRDA:48,11,1,48
BRDA:56,12,0,3
BRDA:56,12,1,3
BRDA:59,13,0,3
BRDA:59,13,1,0
BRF:28
BRH:27
end_of_record
